Watching for file changes with %s
%s: %s
"%s" %s %s
%s: %s
"%s" %s %s
"%s" %s %s
Watching for file changes with %s
%s: %s
"%s" %s %s
%s: %s
"%s" %s %s
%s: %s
"%s" %s %s
%s: %s
"%s" %s %s
%s: %s
"%s" %s %s
%s: %s
"%s" %s %s
"%s" %s %s
"%s" %s %s
%s changed, reloading.
Watching for file changes with %s
%s changed, reloading.
Watching for file changes with %s
%s changed, reloading.
Watching for file changes with %s
%s changed, reloading.
Watching for file changes with %s
%s changed, reloading.
Watching for file changes with %s
%s changed, reloading.
Watching for file changes with %s
%s changed, reloading.
Watching for file changes with %s
%s changed, reloading.
Watching for file changes with %s
%s changed, reloading.
Watching for file changes with %s
%s changed, reloading.
Watching for file changes with %s
%s changed, reloading.
Watching for file changes with %s
%s changed, reloading.
Watching for file changes with %s
%s changed, reloading.
Watching for file changes with %s
%s changed, reloading.
Watching for file changes with %s
%s changed, reloading.
Watching for file changes with %s
%s changed, reloading.
Watching for file changes with %s
%s changed, reloading.
Watching for file changes with %s
%s changed, reloading.
Watching for file changes with %s
%s changed, reloading.
Watching for file changes with %s
%s changed, reloading.
Watching for file changes with %s
%s changed, reloading.
Watching for file changes with %s
%s changed, reloading.
Watching for file changes with %s
%s changed, reloading.
Watching for file changes with %s
%s changed, reloading.
Watching for file changes with %s
%s changed, reloading.
Watching for file changes with %s
%s changed, reloading.
Watching for file changes with %s
%s changed, reloading.
Watching for file changes with %s
%s changed, reloading.
Watching for file changes with %s
%s changed, reloading.
Watching for file changes with %s
Watching for file changes with %s
"%s" %s %s
"%s" %s %s
"%s" %s %s
"%s" %s %s
"%s" %s %s
"%s" %s %s
"%s" %s %s
"%s" %s %s
"%s" %s %s
"%s" %s %s
"%s" %s %s
"%s" %s %s
"%s" %s %s
"%s" %s %s
"%s" %s %s
"%s" %s %s
"%s" %s %s
"%s" %s %s
"%s" %s %s
Watching for file changes with %s
%s: %s
"%s" %s %s
%s: %s
"%s" %s %s
"%s" %s %s
%s: %s
"%s" %s %s
%s: %s
"%s" %s %s
%s changed, reloading.
Watching for file changes with %s
%s changed, reloading.
Watching for file changes with %s
%s changed, reloading.
Watching for file changes with %s
%s changed, reloading.
Watching for file changes with %s
%s changed, reloading.
Watching for file changes with %s
%s changed, reloading.
Watching for file changes with %s
%s changed, reloading.
Watching for file changes with %s
%s changed, reloading.
Watching for file changes with %s
%s changed, reloading.
Watching for file changes with %s
%s changed, reloading.
Watching for file changes with %s
%s changed, reloading.
Watching for file changes with %s
%s changed, reloading.
Watching for file changes with %s
%s changed, reloading.
Watching for file changes with %s
%s changed, reloading.
Watching for file changes with %s
%s changed, reloading.
Watching for file changes with %s
%s changed, reloading.
Watching for file changes with %s
%s changed, reloading.
Watching for file changes with %s
%s changed, reloading.
Watching for file changes with %s
%s changed, reloading.
Watching for file changes with %s
%s changed, reloading.
Watching for file changes with %s
%s changed, reloading.
Watching for file changes with %s
%s changed, reloading.
Watching for file changes with %s
%s changed, reloading.
Watching for file changes with %s
%s changed, reloading.
Watching for file changes with %s
%s changed, reloading.
Watching for file changes with %s
Watching for file changes with %s
%s: %s
"%s" %s %s
%s: %s
"%s" %s %s
%s: %s
"%s" %s %s
%s: %s
"%s" %s %s
%s changed, reloading.
Watching for file changes with %s
%s changed, reloading.
Watching for file changes with %s
Watching for file changes with %s
Watching for file changes with %s
%s changed, reloading.
Watching for file changes with %s
%s: %s
"%s" %s %s
%s: %s
"%s" %s %s
%s: %s
"%s" %s %s
%s: %s
Traceback (most recent call last):
  File "/Users/nikolay/Documents/django_seminary_gb/.venv/lib/python3.11/site-packages/django/db/backends/utils.py", line 105, in _execute
    return self.cursor.execute(sql, params)
           ^^^^^^^^^^^^^^^^^^^^^^^^^^^^^^^^
  File "/Users/nikolay/Documents/django_seminary_gb/.venv/lib/python3.11/site-packages/django/db/backends/sqlite3/base.py", line 328, in execute
    return super().execute(query, params)
           ^^^^^^^^^^^^^^^^^^^^^^^^^^^^^^
sqlite3.OperationalError: no such table: two_app_counter

The above exception was the direct cause of the following exception:

Traceback (most recent call last):
  File "/Users/nikolay/Documents/django_seminary_gb/.venv/lib/python3.11/site-packages/django/core/handlers/exception.py", line 55, in inner
    response = get_response(request)
               ^^^^^^^^^^^^^^^^^^^^^
  File "/Users/nikolay/Documents/django_seminary_gb/.venv/lib/python3.11/site-packages/django/core/handlers/base.py", line 197, in _get_response
    response = wrapped_callback(request, *callback_args, **callback_kwargs)
               ^^^^^^^^^^^^^^^^^^^^^^^^^^^^^^^^^^^^^^^^^^^^^^^^^^^^^^^^^^^^
  File "/Users/nikolay/Documents/django_seminary_gb/django_sem/two_app/views.py", line 19, in coin
    Counter.objects.create(result=result)
  File "/Users/nikolay/Documents/django_seminary_gb/.venv/lib/python3.11/site-packages/django/db/models/manager.py", line 87, in manager_method
    return getattr(self.get_queryset(), name)(*args, **kwargs)
           ^^^^^^^^^^^^^^^^^^^^^^^^^^^^^^^^^^^^^^^^^^^^^^^^^^^
  File "/Users/nikolay/Documents/django_seminary_gb/.venv/lib/python3.11/site-packages/django/db/models/query.py", line 677, in create
    obj.save(force_insert=True, using=self.db)
  File "/Users/nikolay/Documents/django_seminary_gb/.venv/lib/python3.11/site-packages/django/db/models/base.py", line 822, in save
    self.save_base(
  File "/Users/nikolay/Documents/django_seminary_gb/.venv/lib/python3.11/site-packages/django/db/models/base.py", line 909, in save_base
    updated = self._save_table(
              ^^^^^^^^^^^^^^^^^
  File "/Users/nikolay/Documents/django_seminary_gb/.venv/lib/python3.11/site-packages/django/db/models/base.py", line 1067, in _save_table
    results = self._do_insert(
              ^^^^^^^^^^^^^^^^
  File "/Users/nikolay/Documents/django_seminary_gb/.venv/lib/python3.11/site-packages/django/db/models/base.py", line 1108, in _do_insert
    return manager._insert(
           ^^^^^^^^^^^^^^^^
  File "/Users/nikolay/Documents/django_seminary_gb/.venv/lib/python3.11/site-packages/django/db/models/manager.py", line 87, in manager_method
    return getattr(self.get_queryset(), name)(*args, **kwargs)
           ^^^^^^^^^^^^^^^^^^^^^^^^^^^^^^^^^^^^^^^^^^^^^^^^^^^
  File "/Users/nikolay/Documents/django_seminary_gb/.venv/lib/python3.11/site-packages/django/db/models/query.py", line 1845, in _insert
    return query.get_compiler(using=using).execute_sql(returning_fields)
           ^^^^^^^^^^^^^^^^^^^^^^^^^^^^^^^^^^^^^^^^^^^^^^^^^^^^^^^^^^^^^
  File "/Users/nikolay/Documents/django_seminary_gb/.venv/lib/python3.11/site-packages/django/db/models/sql/compiler.py", line 1823, in execute_sql
    cursor.execute(sql, params)
  File "/Users/nikolay/Documents/django_seminary_gb/.venv/lib/python3.11/site-packages/django/db/backends/utils.py", line 122, in execute
    return super().execute(sql, params)
           ^^^^^^^^^^^^^^^^^^^^^^^^^^^^
  File "/Users/nikolay/Documents/django_seminary_gb/.venv/lib/python3.11/site-packages/django/db/backends/utils.py", line 79, in execute
    return self._execute_with_wrappers(
           ^^^^^^^^^^^^^^^^^^^^^^^^^^^^
  File "/Users/nikolay/Documents/django_seminary_gb/.venv/lib/python3.11/site-packages/django/db/backends/utils.py", line 92, in _execute_with_wrappers
    return executor(sql, params, many, context)
           ^^^^^^^^^^^^^^^^^^^^^^^^^^^^^^^^^^^^
  File "/Users/nikolay/Documents/django_seminary_gb/.venv/lib/python3.11/site-packages/django/db/backends/utils.py", line 100, in _execute
    with self.db.wrap_database_errors:
  File "/Users/nikolay/Documents/django_seminary_gb/.venv/lib/python3.11/site-packages/django/db/utils.py", line 91, in __exit__
    raise dj_exc_value.with_traceback(traceback) from exc_value
  File "/Users/nikolay/Documents/django_seminary_gb/.venv/lib/python3.11/site-packages/django/db/backends/utils.py", line 105, in _execute
    return self.cursor.execute(sql, params)
           ^^^^^^^^^^^^^^^^^^^^^^^^^^^^^^^^
  File "/Users/nikolay/Documents/django_seminary_gb/.venv/lib/python3.11/site-packages/django/db/backends/sqlite3/base.py", line 328, in execute
    return super().execute(query, params)
           ^^^^^^^^^^^^^^^^^^^^^^^^^^^^^^
django.db.utils.OperationalError: no such table: two_app_counter
"%s" %s %s
Watching for file changes with %s
%s: %s
"%s" %s %s
%s: %s
"%s" %s %s
%s: %s
"%s" %s %s
%s: %s
"%s" %s %s
%s: %s
Traceback (most recent call last):
  File "/Users/nikolay/Documents/django_seminary_gb/.venv/lib/python3.11/site-packages/django/db/backends/utils.py", line 105, in _execute
    return self.cursor.execute(sql, params)
           ^^^^^^^^^^^^^^^^^^^^^^^^^^^^^^^^
  File "/Users/nikolay/Documents/django_seminary_gb/.venv/lib/python3.11/site-packages/django/db/backends/sqlite3/base.py", line 328, in execute
    return super().execute(query, params)
           ^^^^^^^^^^^^^^^^^^^^^^^^^^^^^^
sqlite3.IntegrityError: NOT NULL constraint failed: two_app_counter.flip_time

The above exception was the direct cause of the following exception:

Traceback (most recent call last):
  File "/Users/nikolay/Documents/django_seminary_gb/.venv/lib/python3.11/site-packages/django/core/handlers/exception.py", line 55, in inner
    response = get_response(request)
               ^^^^^^^^^^^^^^^^^^^^^
  File "/Users/nikolay/Documents/django_seminary_gb/.venv/lib/python3.11/site-packages/django/core/handlers/base.py", line 197, in _get_response
    response = wrapped_callback(request, *callback_args, **callback_kwargs)
               ^^^^^^^^^^^^^^^^^^^^^^^^^^^^^^^^^^^^^^^^^^^^^^^^^^^^^^^^^^^^
  File "/Users/nikolay/Documents/django_seminary_gb/django_sem/two_app/views.py", line 19, in coin
    Counter.objects.create(result=result)
  File "/Users/nikolay/Documents/django_seminary_gb/.venv/lib/python3.11/site-packages/django/db/models/manager.py", line 87, in manager_method
    return getattr(self.get_queryset(), name)(*args, **kwargs)
           ^^^^^^^^^^^^^^^^^^^^^^^^^^^^^^^^^^^^^^^^^^^^^^^^^^^
  File "/Users/nikolay/Documents/django_seminary_gb/.venv/lib/python3.11/site-packages/django/db/models/query.py", line 677, in create
    obj.save(force_insert=True, using=self.db)
  File "/Users/nikolay/Documents/django_seminary_gb/.venv/lib/python3.11/site-packages/django/db/models/base.py", line 822, in save
    self.save_base(
  File "/Users/nikolay/Documents/django_seminary_gb/.venv/lib/python3.11/site-packages/django/db/models/base.py", line 909, in save_base
    updated = self._save_table(
              ^^^^^^^^^^^^^^^^^
  File "/Users/nikolay/Documents/django_seminary_gb/.venv/lib/python3.11/site-packages/django/db/models/base.py", line 1067, in _save_table
    results = self._do_insert(
              ^^^^^^^^^^^^^^^^
  File "/Users/nikolay/Documents/django_seminary_gb/.venv/lib/python3.11/site-packages/django/db/models/base.py", line 1108, in _do_insert
    return manager._insert(
           ^^^^^^^^^^^^^^^^
  File "/Users/nikolay/Documents/django_seminary_gb/.venv/lib/python3.11/site-packages/django/db/models/manager.py", line 87, in manager_method
    return getattr(self.get_queryset(), name)(*args, **kwargs)
           ^^^^^^^^^^^^^^^^^^^^^^^^^^^^^^^^^^^^^^^^^^^^^^^^^^^
  File "/Users/nikolay/Documents/django_seminary_gb/.venv/lib/python3.11/site-packages/django/db/models/query.py", line 1845, in _insert
    return query.get_compiler(using=using).execute_sql(returning_fields)
           ^^^^^^^^^^^^^^^^^^^^^^^^^^^^^^^^^^^^^^^^^^^^^^^^^^^^^^^^^^^^^
  File "/Users/nikolay/Documents/django_seminary_gb/.venv/lib/python3.11/site-packages/django/db/models/sql/compiler.py", line 1823, in execute_sql
    cursor.execute(sql, params)
  File "/Users/nikolay/Documents/django_seminary_gb/.venv/lib/python3.11/site-packages/django/db/backends/utils.py", line 122, in execute
    return super().execute(sql, params)
           ^^^^^^^^^^^^^^^^^^^^^^^^^^^^
  File "/Users/nikolay/Documents/django_seminary_gb/.venv/lib/python3.11/site-packages/django/db/backends/utils.py", line 79, in execute
    return self._execute_with_wrappers(
           ^^^^^^^^^^^^^^^^^^^^^^^^^^^^
  File "/Users/nikolay/Documents/django_seminary_gb/.venv/lib/python3.11/site-packages/django/db/backends/utils.py", line 92, in _execute_with_wrappers
    return executor(sql, params, many, context)
           ^^^^^^^^^^^^^^^^^^^^^^^^^^^^^^^^^^^^
  File "/Users/nikolay/Documents/django_seminary_gb/.venv/lib/python3.11/site-packages/django/db/backends/utils.py", line 100, in _execute
    with self.db.wrap_database_errors:
  File "/Users/nikolay/Documents/django_seminary_gb/.venv/lib/python3.11/site-packages/django/db/utils.py", line 91, in __exit__
    raise dj_exc_value.with_traceback(traceback) from exc_value
  File "/Users/nikolay/Documents/django_seminary_gb/.venv/lib/python3.11/site-packages/django/db/backends/utils.py", line 105, in _execute
    return self.cursor.execute(sql, params)
           ^^^^^^^^^^^^^^^^^^^^^^^^^^^^^^^^
  File "/Users/nikolay/Documents/django_seminary_gb/.venv/lib/python3.11/site-packages/django/db/backends/sqlite3/base.py", line 328, in execute
    return super().execute(query, params)
           ^^^^^^^^^^^^^^^^^^^^^^^^^^^^^^
django.db.utils.IntegrityError: NOT NULL constraint failed: two_app_counter.flip_time
"%s" %s %s
%s changed, reloading.
Watching for file changes with %s
Watching for file changes with %s
%s: %s
"%s" %s %s
"%s" %s %s
%s: %s
"%s" %s %s
"%s" %s %s
"%s" %s %s
"%s" %s %s
"%s" %s %s
"%s" %s %s
Watching for file changes with %s
"%s" %s %s
"%s" %s %s
"%s" %s %s
"%s" %s %s
"%s" %s %s
"%s" %s %s
"%s" %s %s
"%s" %s %s
"%s" %s %s
"%s" %s %s
"%s" %s %s
"%s" %s %s
"%s" %s %s
"%s" %s %s
"%s" %s %s
"%s" %s %s
"%s" %s %s
"%s" %s %s
"%s" %s %s
"%s" %s %s
"%s" %s %s
"%s" %s %s
"%s" %s %s
"%s" %s %s
Watching for file changes with %s
%s: %s
"%s" %s %s
%s: %s
"%s" %s %s
"%s" %s %s
"%s" %s %s
"%s" %s %s
"%s" %s %s
%s changed, reloading.
Watching for file changes with %s
%s changed, reloading.
Watching for file changes with %s
%s changed, reloading.
Watching for file changes with %s
%s changed, reloading.
Watching for file changes with %s
%s changed, reloading.
Watching for file changes with %s
%s changed, reloading.
Watching for file changes with %s
%s changed, reloading.
Watching for file changes with %s
%s changed, reloading.
Watching for file changes with %s
%s changed, reloading.
Watching for file changes with %s
%s changed, reloading.
Watching for file changes with %s
%s changed, reloading.
Watching for file changes with %s
%s changed, reloading.
Watching for file changes with %s
%s changed, reloading.
Watching for file changes with %s
%s changed, reloading.
Watching for file changes with %s
%s changed, reloading.
Watching for file changes with %s
%s changed, reloading.
Watching for file changes with %s
%s changed, reloading.
Watching for file changes with %s
%s changed, reloading.
Watching for file changes with %s
%s changed, reloading.
Watching for file changes with %s
%s changed, reloading.
Watching for file changes with %s
%s changed, reloading.
Watching for file changes with %s
%s changed, reloading.
Watching for file changes with %s
%s changed, reloading.
Watching for file changes with %s
%s changed, reloading.
Watching for file changes with %s
%s changed, reloading.
Watching for file changes with %s
%s changed, reloading.
Watching for file changes with %s
%s changed, reloading.
Watching for file changes with %s
%s changed, reloading.
Watching for file changes with %s
%s changed, reloading.
Watching for file changes with %s
%s changed, reloading.
Watching for file changes with %s
%s changed, reloading.
Watching for file changes with %s
%s changed, reloading.
Watching for file changes with %s
%s changed, reloading.
Watching for file changes with %s
%s changed, reloading.
Watching for file changes with %s
%s changed, reloading.
Watching for file changes with %s
%s changed, reloading.
Watching for file changes with %s
%s changed, reloading.
Watching for file changes with %s
%s: %s
"%s" %s %s
%s: %s
"%s" %s %s
%s: %s
"%s" %s %s
"%s" %s %s
"%s" %s %s
"%s" %s %s
"%s" %s %s
"%s" %s %s
"%s" %s %s
"%s" %s %s
"%s" %s %s
"%s" %s %s
"%s" %s %s
"%s" %s %s
"%s" %s %s
"%s" %s %s
"%s" %s %s
"%s" %s %s
"%s" %s %s
"%s" %s %s
"%s" %s %s
"%s" %s %s
"%s" %s %s
"%s" %s %s
"%s" %s %s
"%s" %s %s
"%s" %s %s
"%s" %s %s
"%s" %s %s
"%s" %s %s
%s changed, reloading.
Watching for file changes with %s
%s changed, reloading.
Watching for file changes with %s
%s changed, reloading.
Watching for file changes with %s
%s changed, reloading.
Watching for file changes with %s
%s changed, reloading.
Watching for file changes with %s
%s changed, reloading.
Watching for file changes with %s
%s changed, reloading.
Watching for file changes with %s
%s changed, reloading.
Watching for file changes with %s
%s changed, reloading.
Watching for file changes with %s
%s changed, reloading.
Watching for file changes with %s
%s changed, reloading.
Watching for file changes with %s
%s changed, reloading.
Watching for file changes with %s
%s changed, reloading.
Watching for file changes with %s
%s changed, reloading.
Watching for file changes with %s
%s changed, reloading.
Watching for file changes with %s
%s changed, reloading.
Watching for file changes with %s
%s changed, reloading.
Watching for file changes with %s
%s changed, reloading.
Watching for file changes with %s
%s changed, reloading.
Watching for file changes with %s
%s changed, reloading.
Watching for file changes with %s
%s changed, reloading.
Watching for file changes with %s
%s changed, reloading.
Watching for file changes with %s
%s changed, reloading.
Watching for file changes with %s
%s changed, reloading.
Watching for file changes with %s
%s changed, reloading.
Watching for file changes with %s
%s changed, reloading.
Watching for file changes with %s
%s changed, reloading.
Watching for file changes with %s
%s changed, reloading.
Watching for file changes with %s
%s changed, reloading.
Watching for file changes with %s
%s changed, reloading.
Watching for file changes with %s
%s changed, reloading.
Watching for file changes with %s
%s changed, reloading.
Watching for file changes with %s
%s changed, reloading.
Watching for file changes with %s
%s changed, reloading.
Watching for file changes with %s
%s changed, reloading.
Watching for file changes with %s
%s changed, reloading.
Watching for file changes with %s
%s changed, reloading.
Watching for file changes with %s
%s changed, reloading.
Watching for file changes with %s
%s changed, reloading.
Watching for file changes with %s
%s changed, reloading.
Watching for file changes with %s
%s changed, reloading.
Watching for file changes with %s
%s changed, reloading.
Watching for file changes with %s
%s changed, reloading.
Watching for file changes with %s
%s changed, reloading.
Watching for file changes with %s
%s changed, reloading.
Watching for file changes with %s
%s changed, reloading.
Watching for file changes with %s
%s changed, reloading.
Watching for file changes with %s
%s changed, reloading.
Watching for file changes with %s
%s changed, reloading.
Watching for file changes with %s
%s changed, reloading.
Watching for file changes with %s
%s changed, reloading.
Watching for file changes with %s
%s changed, reloading.
Watching for file changes with %s
%s changed, reloading.
Watching for file changes with %s
%s changed, reloading.
Watching for file changes with %s
%s changed, reloading.
Watching for file changes with %s
%s changed, reloading.
Watching for file changes with %s
%s changed, reloading.
Watching for file changes with %s
%s changed, reloading.
Watching for file changes with %s
%s changed, reloading.
Watching for file changes with %s
%s changed, reloading.
Watching for file changes with %s
%s changed, reloading.
Watching for file changes with %s
%s changed, reloading.
Watching for file changes with %s
%s changed, reloading.
Watching for file changes with %s
%s changed, reloading.
Watching for file changes with %s
%s changed, reloading.
Watching for file changes with %s
Watching for file changes with %s
%s: %s
"%s" %s %s
